<?xml version="1.0" encoding="UTF-8"?>
<testExecutions version="1">
  <!-- No test cases yet -->
</testExecutions>
